This file contains any messages produced by compilers while
running configure, to aid debugging if configure makes a mistake.

It was created by gigapro-xap configure-xap-prod version-0.1, which was
generated by GNU Autoconf 2.68.  Invocation command line was

  $ ./configure-xap-prod 

## --------- ##
## Platform. ##
## --------- ##

hostname = ali-gs.local
uname -m = x86_64
uname -r = 13.2.0
uname -s = Darwin
uname -v = Darwin Kernel Version 13.2.0: Thu Apr 17 23:03:13 PDT 2014; root:xnu-2422.100.13~1/RELEASE_X86_64

/usr/bin/uname -p = i386
/bin/uname -X     = unknown

/bin/arch              = unknown
/usr/bin/arch -k       = unknown
/usr/convex/getsysinfo = unknown
/usr/bin/hostinfo      = Mach kernel version:
	 Darwin Kernel Version 13.2.0: Thu Apr 17 23:03:13 PDT 2014; root:xnu-2422.100.13~1/RELEASE_X86_64
Kernel configured for up to 4 processors.
2 processors are physically available.
4 processors are logically available.
Processor type: i486 (Intel 80486)
Processors active: 0 1 2 3
Primary memory available: 16.00 gigabytes
Default processor set: 208 tasks, 1498 threads, 4 processors
Load average: 1.54, Mach factor: 2.47
/bin/machine           = unknown
/usr/bin/oslevel       = unknown
/bin/universe          = unknown

PATH: /usr/bin
PATH: /bin
PATH: /usr/sbin
PATH: /sbin
PATH: /usr/local/bin
PATH: /Users/alihodroj/gigaspaces-xap/bin
PATH: /usr/local/ec2/ec2-api-tools-1.7.1.0/bin
PATH: /usr/local/s3cmd-1.5.0-rc1
PATH: /usr/local/apache-maven-3.2.2/bin
PATH: /usr/local/gigaspaces-xap-tools/bin


## ----------- ##
## Core tests. ##
## ----------- ##

configure-xap-prod:2048: *** GigaSpaces XAP Moving into Production Checklist
configure-xap-prod:2050: *** http://docs.gigaspaces.com/sbp/moving-into-production-checklist.html
configure-xap-prod:2052:  
configure-xap-prod:2054:  
configure-xap-prod:2063: checking for kaffe
configure-xap-prod:2093: result: no
configure-xap-prod:2063: checking for java
configure-xap-prod:2079: found /usr/bin/java
configure-xap-prod:2090: result: java
configure-xap-prod:2149: checking for uudecode
configure-xap-prod:2167: found /usr/bin/uudecode
configure-xap-prod:2180: result: /usr/bin/uudecode
configure-xap-prod:2189: checking if uudecode can decode base 64 file
configure-xap-prod:2216: result: yes
configure-xap-prod:2230: checking if java works
configure-xap-prod:2261: java -classpath .  Test
configure-xap-prod:2264: $? = 0
configure-xap-prod:2275: result: yes
configure-xap-prod:2280: checking for JAVA_HOME
configure-xap-prod:2349: result: /Library/Java/JavaVirtualMachines/jdk1.7.0_60.jdk/Contents/Home
configure-xap-prod:2353: * Checking for GigaSpaces OS ulimit settings
configure-xap-prod:2357: checking for ulimit max open file descriptors
configure-xap-prod:2361: result: 16384
configure-xap-prod:2367: checking for maximum user processes
configure-xap-prod:2374: result: ulimit -u too low! 2048
configure-xap-prod:2380: * Checking for LUS discovery settings
configure-xap-prod:2384: checking for LOOKUPLOCATORS
configure-xap-prod:2390: result: 127.0.0.1:4174,127.0.0.1:4174
configure-xap-prod:2394: checking for at least two LUS instances
configure-xap-prod:2398: result: found 2
configure-xap-prod:2406: checking that LUS host 127.0.0.1 is reachable
configure-xap-prod:2411: result: ok
configure-xap-prod:2415: checking that LUS host 127.0.0.1 is reachable
configure-xap-prod:2420: result: ok
configure-xap-prod:2425: checking for NIC_ADDR binding
configure-xap-prod:2430: result: 10.0.0.1
configure-xap-prod:2434: checking that NIC_ADDR is not bound to 127.0.0.1
configure-xap-prod:2439: result: ok
configure-xap-prod:2443: checking that NIC_ADDR is not bound to localhost
configure-xap-prod:2448: result: ok
configure-xap-prod:2452: checking that multicast is disabled in GSA_JAVA_OPTIONS
configure-xap-prod:2455: result: ok
configure-xap-prod:2463: * Checking for XAP Runtime Environment settings
configure-xap-prod:2467: checking for GSA_JAVA_OPTIONS heap size
configure-xap-prod:2470: result: ok
configure-xap-prod:2476: checking for GSC_JAVA_OPTIONS heap size
configure-xap-prod:2479: result: ok
configure-xap-prod:2485: checking for GSM_JAVA_OPTIONS heap size
configure-xap-prod:2492: result: ok
configure-xap-prod:2500: checking for LUS_JAVA_OPTIONS heap size
configure-xap-prod:2507: result: ok
configure-xap-prod:2517: * Checking for GSC JVM Settings (CMS Profile)
configure-xap-prod:2521: checking for -server
configure-xap-prod:2524: result: ok
configure-xap-prod:2530: checking for -XX:+UseConcMarkSweepGC
configure-xap-prod:2533: result: ok
configure-xap-prod:2539: checking for -XX:+UseParNewGC
configure-xap-prod:2542: result: ok
configure-xap-prod:2548: checking for -Xmn (young gen size)
configure-xap-prod:2551: result: ok
configure-xap-prod:2557: checking for -XX:CMSInitiatingOccupancyFraction=60
configure-xap-prod:2560: result: ok
configure-xap-prod:2566: checking for -XX:+UseCMSInitiatingOccupancyOnly
configure-xap-prod:2569: result: ok
configure-xap-prod:2575: checking for -XX:MaxPermSize=256m
configure-xap-prod:2578: result: ok
configure-xap-prod:2584: checking for -XX:+ExplicitGCInvokesConcurrent
configure-xap-prod:2587: result: ok
configure-xap-prod:2593: checking for -XX:+UseCompressedOops
configure-xap-prod:2596: result: ok
configure-xap-prod:2602: checking for -XX:+CMSClassUnloadingEnabled
configure-xap-prod:2605: result: ok
configure-xap-prod:2611: checking for -XX:+CMSParallelRemarkEnabled
configure-xap-prod:2614: result: ok
configure-xap-prod:2622: * Checking LRMI client/service connection pool settings
configure-xap-prod:2626: checking for client LRMI connection pool settings
configure-xap-prod:2629: result: ok
configure-xap-prod:2636: checking for server LRMI max threads setting
configure-xap-prod:2639: result: ok
configure-xap-prod:2648: * Checking for Runtime file settings
configure-xap-prod:2652: checking for deploy folder settings
configure-xap-prod:2658: -Dcom.gs.deploy is not set, still using defaults
configure-xap-prod:2662: checking for work folder settings
configure-xap-prod:2668: -Dcom.gs.work is not set, still using defaults
configure-xap-prod:2672: checking for log folder settings
configure-xap-prod:2678: -Dcom.gs.log is not set, still using defaults

## ---------------- ##
## Cache variables. ##
## ---------------- ##

ac_cv_env_build_alias_set=
ac_cv_env_build_alias_value=
ac_cv_env_host_alias_set=
ac_cv_env_host_alias_value=
ac_cv_env_target_alias_set=
ac_cv_env_target_alias_value=
ac_cv_path_UUDECODE=/usr/bin/uudecode
ac_cv_prog_JAVA=java
ac_cv_prog_java_works=yes
ac_cv_prog_uudecode_base64=yes

## ----------------- ##
## Output variables. ##
## ----------------- ##

DEFS=''
ECHO_C='\c'
ECHO_N=''
ECHO_T=''
JAVA='java'
JAVA_PATH_NAME=''
LIBS=''
PACKAGE_BUGREPORT=''
PACKAGE_NAME='gigapro-xap'
PACKAGE_STRING='gigapro-xap version-0.1'
PACKAGE_TARNAME='gigapro-xap'
PACKAGE_URL=''
PACKAGE_VERSION='version-0.1'
PATH_SEPARATOR=':'
SHELL='/bin/sh'
UUDECODE='/usr/bin/uudecode'
bindir='${exec_prefix}/bin'
build_alias=''
datadir='${datarootdir}'
datarootdir='${prefix}/share'
docdir='${datarootdir}/doc/${PACKAGE_TARNAME}'
dvidir='${docdir}'
exec_prefix='NONE'
host_alias=''
htmldir='${docdir}'
includedir='${prefix}/include'
infodir='${datarootdir}/info'
libdir='${exec_prefix}/lib'
libexecdir='${exec_prefix}/libexec'
localedir='${datarootdir}/locale'
localstatedir='${prefix}/var'
mandir='${datarootdir}/man'
oldincludedir='/usr/include'
pdfdir='${docdir}'
prefix='NONE'
program_transform_name='s,x,x,'
psdir='${docdir}'
sbindir='${exec_prefix}/sbin'
sharedstatedir='${prefix}/com'
sysconfdir='${prefix}/etc'
target_alias=''

## ----------- ##
## confdefs.h. ##
## ----------- ##

/* confdefs.h */
#define PACKAGE_NAME "gigapro-xap"
#define PACKAGE_TARNAME "gigapro-xap"
#define PACKAGE_VERSION "version-0.1"
#define PACKAGE_STRING "gigapro-xap version-0.1"
#define PACKAGE_BUGREPORT ""
#define PACKAGE_URL ""

configure-xap-prod: exit 0
